<?xml version="1.0" encoding="UTF-8"?>
<!-- Generated by org.testng.reporters.JUnitReportReporter -->
<testsuite hostname="DESKTOP-MHRK6LP" failures="0" tests="1" name="logintest.login_test" time="2.824" errors="0" timestamp="2022-07-19T22:42:24 IST" skipped="0">
  <testcase classname="logintest.login_test" name="verifyusername" time="2.824"/>
  <system-out/>
</testsuite> <!-- logintest.login_test -->
